c:\c++ hw\실습프로젝트-계좌관리\실습프로젝트-계좌관리\debug\vc142.pdb
c:\c++ hw\실습프로젝트-계좌관리\실습프로젝트-계좌관리\debug\vc142.idb
c:\c++ hw\실습프로젝트-계좌관리\실습프로젝트-계좌관리\debug\normalaccount.obj
c:\c++ hw\실습프로젝트-계좌관리\실습프로젝트-계좌관리\debug\menu.obj
c:\c++ hw\실습프로젝트-계좌관리\실습프로젝트-계좌관리\debug\malformedaccount.obj
c:\c++ hw\실습프로젝트-계좌관리\실습프로젝트-계좌관리\debug\main.obj
c:\c++ hw\실습프로젝트-계좌관리\실습프로젝트-계좌관리\debug\highcreditaccount.obj
c:\c++ hw\실습프로젝트-계좌관리\실습프로젝트-계좌관리\debug\exception.obj
c:\c++ hw\실습프로젝트-계좌관리\실습프로젝트-계좌관리\debug\balanceoutofboundsexception.obj
c:\c++ hw\실습프로젝트-계좌관리\실습프로젝트-계좌관리\debug\acount.obj
c:\c++ hw\실습프로젝트-계좌관리\실습프로젝트-계좌관리\debug\accountmanager.obj
c:\c++ hw\실습프로젝트-계좌관리\debug\실습프로젝트-계좌관리.exe
c:\c++ hw\실습프로젝트-계좌관리\실습프로젝트-계좌관리\debug\실습프로젝트-계좌관리.ilk
c:\c++ hw\실습프로젝트-계좌관리\debug\실습프로젝트-계좌관리.pdb
c:\c++ hw\실습프로젝트-계좌관리\실습프로젝트-계좌관리\debug\실습프로젝트-계좌관리.tlog\cl.command.1.tlog
c:\c++ hw\실습프로젝트-계좌관리\실습프로젝트-계좌관리\debug\실습프로젝트-계좌관리.tlog\cl.read.1.tlog
c:\c++ hw\실습프로젝트-계좌관리\실습프로젝트-계좌관리\debug\실습프로젝트-계좌관리.tlog\cl.write.1.tlog
c:\c++ hw\실습프로젝트-계좌관리\실습프로젝트-계좌관리\debug\실습프로젝트-계좌관리.tlog\link.command.1.tlog
c:\c++ hw\실습프로젝트-계좌관리\실습프로젝트-계좌관리\debug\실습프로젝트-계좌관리.tlog\link.read.1.tlog
c:\c++ hw\실습프로젝트-계좌관리\실습프로젝트-계좌관리\debug\실습프로젝트-계좌관리.tlog\link.write.1.tlog
